<?xml version="1.0" encoding="UTF-8"?>
<!-- Generated by org.testng.reporters.JUnitReportReporter -->
<testsuite hostname="CSD-SYS-62" failures="0" tests="2" name="prem.Apptest" time="0.017" errors="0" timestamp="2025-04-24T11:51:41 IST" skipped="0">
  <testcase classname="prem.Apptest" name="testlogin2" time="0.001"/>
  <testcase classname="prem.Apptest" name="testlogin1" time="0.016"/>
</testsuite> <!-- prem.Apptest -->
